{"contracts/Package.sol":{"l":{"51":3,"52":3,"53":3,"54":3,"55":3,"56":3,"57":3,"59":3,"60":3,"61":3,"62":3,"63":3,"64":3,"66":3,"67":3,"68":3,"80":12,"81":12,"83":12,"88":12,"90":12,"91":3,"92":1,"94":2,"97":1,"99":4,"101":4,"104":12,"105":12,"106":12,"108":12,"109":2,"110":2,"113":12,"115":12,"124":1,"126":1,"128":1,"130":1,"131":1,"133":1,"135":1,"144":1,"146":1,"148":1,"150":1,"151":1,"153":1,"155":1,"157":1,"165":2,"169":2,"171":2,"173":2,"174":2,"175":2,"177":2,"178":2,"186":1,"187":1,"189":1,"191":1,"192":1,"194":1,"195":1,"203":1,"204":1,"206":1,"207":1,"217":1,"226":3},"path":"/home/nimrod/SandBox/node/ethereum/projects/debtAuctionPackages/contracts/Package.sol","s":{"1":3,"2":3,"3":3,"4":3,"5":3,"6":3,"7":3,"8":3,"9":3,"10":3,"11":3,"12":3,"13":3,"14":3,"15":3,"16":3,"17":12,"18":12,"19":12,"20":12,"21":3,"22":1,"23":2,"24":9,"25":1,"26":8,"27":4,"28":4,"29":12,"30":12,"31":12,"32":12,"33":2,"34":2,"35":12,"36":12,"37":1,"38":1,"39":1,"40":1,"41":1,"42":1,"43":1,"44":1,"45":1,"46":1,"47":1,"48":1,"49":1,"50":1,"51":1,"52":2,"53":2,"54":2,"55":2,"56":2,"57":2,"58":2,"59":2,"60":1,"61":1,"62":1,"63":1,"64":1,"65":1,"66":1,"67":1,"68":1,"69":1,"70":1,"71":1,"72":3},"b":{"1":[3,0],"2":[3,0],"3":[3,0],"4":[3,0],"5":[3,0],"6":[3,0],"7":[3,0],"8":[12,0],"9":[12,0],"10":[12,0],"11":[3,9],"12":[1,2],"13":[1,8],"14":[4,4],"15":[2,10],"16":[12,0],"17":[1,0],"18":[1,0],"19":[1,0],"20":[1,0],"21":[1,0],"22":[2,0],"23":[2,0],"24":[2,0],"25":[1,0],"26":[1,0],"27":[1,0],"28":[1,0],"29":[1,0]},"f":{"1":3,"2":12,"3":1,"4":1,"5":2,"6":1,"7":1,"8":1,"9":3},"fnMap":{"1":{"name":null,"line":41,"loc":{"start":{"line":41,"column":4},"end":{"line":50,"column":14}}},"2":{"name":"fund","line":79,"loc":{"start":{"line":79,"column":4},"end":{"line":79,"column":82}}},"3":{"name":"auction","line":123,"loc":{"start":{"line":123,"column":4},"end":{"line":123,"column":52}}},"4":{"name":"cashOut","line":143,"loc":{"start":{"line":143,"column":4},"end":{"line":143,"column":40}}},"5":{"name":"retrieveDebt","line":164,"loc":{"start":{"line":164,"column":4},"end":{"line":164,"column":45}}},"6":{"name":"collectToken","line":185,"loc":{"start":{"line":185,"column":4},"end":{"line":185,"column":45}}},"7":{"name":"packagePrice","line":202,"loc":{"start":{"line":202,"column":4},"end":{"line":202,"column":54}}},"8":{"name":"contributions","line":216,"loc":{"start":{"line":216,"column":4},"end":{"line":216,"column":89}}},"9":{"name":"tokens","line":225,"loc":{"start":{"line":225,"column":4},"end":{"line":225,"column":61}}}},"statementMap":{"1":{"start":{"line":51,"column":8},"end":{"line":51,"column":69}},"2":{"start":{"line":52,"column":8},"end":{"line":52,"column":102}},"3":{"start":{"line":53,"column":8},"end":{"line":53,"column":60}},"4":{"start":{"line":54,"column":8},"end":{"line":54,"column":60}},"5":{"start":{"line":55,"column":8},"end":{"line":55,"column":124}},"6":{"start":{"line":56,"column":8},"end":{"line":56,"column":75}},"7":{"start":{"line":57,"column":8},"end":{"line":57,"column":72}},"8":{"start":{"line":59,"column":8},"end":{"line":59,"column":25}},"9":{"start":{"line":60,"column":8},"end":{"line":60,"column":50}},"10":{"start":{"line":61,"column":8},"end":{"line":61,"column":21}},"11":{"start":{"line":62,"column":8},"end":{"line":62,"column":49}},"12":{"start":{"line":63,"column":8},"end":{"line":63,"column":49}},"13":{"start":{"line":64,"column":8},"end":{"line":64,"column":70}},"14":{"start":{"line":66,"column":8},"end":{"line":66,"column":22}},"15":{"start":{"line":67,"column":8},"end":{"line":67,"column":39}},"16":{"start":{"line":68,"column":8},"end":{"line":68,"column":31}},"17":{"start":{"line":80,"column":8},"end":{"line":80,"column":62}},"18":{"start":{"line":81,"column":8},"end":{"line":81,"column":96}},"19":{"start":{"line":83,"column":8},"end":{"line":83,"column":3441}},"20":{"start":{"line":90,"column":8},"end":{"line":90,"column":3691}},"21":{"start":{"line":91,"column":12},"end":{"line":91,"column":3803}},"22":{"start":{"line":92,"column":16},"end":{"line":92,"column":59}},"23":{"start":{"line":94,"column":16},"end":{"line":94,"column":67}},"24":{"start":{"line":96,"column":15},"end":{"line":96,"column":4082}},"25":{"start":{"line":97,"column":12},"end":{"line":97,"column":55}},"26":{"start":{"line":98,"column":15},"end":{"line":98,"column":4201}},"27":{"start":{"line":99,"column":12},"end":{"line":99,"column":63}},"28":{"start":{"line":101,"column":12},"end":{"line":101,"column":44}},"29":{"start":{"line":104,"column":8},"end":{"line":104,"column":70}},"30":{"start":{"line":105,"column":8},"end":{"line":105,"column":110}},"31":{"start":{"line":106,"column":8},"end":{"line":106,"column":58}},"32":{"start":{"line":108,"column":8},"end":{"line":108,"column":4652}},"33":{"start":{"line":109,"column":12},"end":{"line":109,"column":36}},"34":{"start":{"line":110,"column":12},"end":{"line":110,"column":35}},"35":{"start":{"line":113,"column":8},"end":{"line":113,"column":112}},"36":{"start":{"line":115,"column":8},"end":{"line":115,"column":76}},"37":{"start":{"line":124,"column":8},"end":{"line":124,"column":34}},"38":{"start":{"line":126,"column":8},"end":{"line":126,"column":82}},"39":{"start":{"line":128,"column":8},"end":{"line":128,"column":77}},"40":{"start":{"line":130,"column":8},"end":{"line":130,"column":24}},"41":{"start":{"line":131,"column":8},"end":{"line":131,"column":32}},"42":{"start":{"line":133,"column":8},"end":{"line":133,"column":111}},"43":{"start":{"line":135,"column":8},"end":{"line":135,"column":46}},"44":{"start":{"line":144,"column":8},"end":{"line":144,"column":79}},"45":{"start":{"line":146,"column":8},"end":{"line":146,"column":67}},"46":{"start":{"line":148,"column":8},"end":{"line":148,"column":52}},"47":{"start":{"line":150,"column":8},"end":{"line":150,"column":48}},"48":{"start":{"line":151,"column":8},"end":{"line":151,"column":64}},"49":{"start":{"line":153,"column":8},"end":{"line":153,"column":66}},"50":{"start":{"line":155,"column":8},"end":{"line":155,"column":97}},"51":{"start":{"line":157,"column":8},"end":{"line":157,"column":53}},"52":{"start":{"line":165,"column":8},"end":{"line":165,"column":6891}},"53":{"start":{"line":169,"column":8},"end":{"line":169,"column":67}},"54":{"start":{"line":171,"column":8},"end":{"line":171,"column":52}},"55":{"start":{"line":173,"column":8},"end":{"line":173,"column":48}},"56":{"start":{"line":174,"column":8},"end":{"line":174,"column":64}},"57":{"start":{"line":175,"column":8},"end":{"line":175,"column":52}},"58":{"start":{"line":177,"column":8},"end":{"line":177,"column":87}},"59":{"start":{"line":178,"column":8},"end":{"line":178,"column":62}},"60":{"start":{"line":186,"column":8},"end":{"line":186,"column":79}},"61":{"start":{"line":187,"column":8},"end":{"line":187,"column":62}},"62":{"start":{"line":189,"column":8},"end":{"line":189,"column":62}},"63":{"start":{"line":191,"column":8},"end":{"line":191,"column":29}},"64":{"start":{"line":192,"column":8},"end":{"line":192,"column":46}},"65":{"start":{"line":194,"column":8},"end":{"line":194,"column":76}},"66":{"start":{"line":195,"column":8},"end":{"line":195,"column":45}},"67":{"start":{"line":203,"column":8},"end":{"line":203,"column":66}},"68":{"start":{"line":204,"column":8},"end":{"line":204,"column":106}},"69":{"start":{"line":206,"column":8},"end":{"line":206,"column":116}},"70":{"start":{"line":207,"column":8},"end":{"line":207,"column":43}},"71":{"start":{"line":217,"column":8},"end":{"line":217,"column":53}},"72":{"start":{"line":226,"column":8},"end":{"line":226,"column":33}}},"branchMap":{"1":{"line":51,"type":"if","locations":[{"start":{"line":51,"column":8},"end":{"line":51,"column":8}},{"start":{"line":51,"column":8},"end":{"line":51,"column":8}}]},"2":{"line":52,"type":"if","locations":[{"start":{"line":52,"column":8},"end":{"line":52,"column":8}},{"start":{"line":52,"column":8},"end":{"line":52,"column":8}}]},"3":{"line":53,"type":"if","locations":[{"start":{"line":53,"column":8},"end":{"line":53,"column":8}},{"start":{"line":53,"column":8},"end":{"line":53,"column":8}}]},"4":{"line":54,"type":"if","locations":[{"start":{"line":54,"column":8},"end":{"line":54,"column":8}},{"start":{"line":54,"column":8},"end":{"line":54,"column":8}}]},"5":{"line":55,"type":"if","locations":[{"start":{"line":55,"column":8},"end":{"line":55,"column":8}},{"start":{"line":55,"column":8},"end":{"line":55,"column":8}}]},"6":{"line":56,"type":"if","locations":[{"start":{"line":56,"column":8},"end":{"line":56,"column":8}},{"start":{"line":56,"column":8},"end":{"line":56,"column":8}}]},"7":{"line":57,"type":"if","locations":[{"start":{"line":57,"column":8},"end":{"line":57,"column":8}},{"start":{"line":57,"column":8},"end":{"line":57,"column":8}}]},"8":{"line":80,"type":"if","locations":[{"start":{"line":80,"column":8},"end":{"line":80,"column":8}},{"start":{"line":80,"column":8},"end":{"line":80,"column":8}}]},"9":{"line":81,"type":"if","locations":[{"start":{"line":81,"column":8},"end":{"line":81,"column":8}},{"start":{"line":81,"column":8},"end":{"line":81,"column":8}}]},"10":{"line":83,"type":"if","locations":[{"start":{"line":83,"column":8},"end":{"line":83,"column":8}},{"start":{"line":83,"column":8},"end":{"line":83,"column":8}}]},"11":{"line":90,"type":"if","locations":[{"start":{"line":90,"column":8},"end":{"line":90,"column":8}},{"start":{"line":90,"column":8},"end":{"line":90,"column":8}}]},"12":{"line":91,"type":"if","locations":[{"start":{"line":91,"column":12},"end":{"line":91,"column":12}},{"start":{"line":91,"column":12},"end":{"line":91,"column":12}}]},"13":{"line":96,"type":"if","locations":[{"start":{"line":96,"column":15},"end":{"line":96,"column":15}},{"start":{"line":96,"column":15},"end":{"line":96,"column":15}}]},"14":{"line":98,"type":"if","locations":[{"start":{"line":98,"column":15},"end":{"line":98,"column":15}},{"start":{"line":98,"column":15},"end":{"line":98,"column":15}}]},"15":{"line":108,"type":"if","locations":[{"start":{"line":108,"column":8},"end":{"line":108,"column":8}},{"start":{"line":108,"column":8},"end":{"line":108,"column":8}}]},"16":{"line":113,"type":"if","locations":[{"start":{"line":113,"column":8},"end":{"line":113,"column":8}},{"start":{"line":113,"column":8},"end":{"line":113,"column":8}}]},"17":{"line":128,"type":"if","locations":[{"start":{"line":128,"column":8},"end":{"line":128,"column":8}},{"start":{"line":128,"column":8},"end":{"line":128,"column":8}}]},"18":{"line":133,"type":"if","locations":[{"start":{"line":133,"column":8},"end":{"line":133,"column":8}},{"start":{"line":133,"column":8},"end":{"line":133,"column":8}}]},"19":{"line":144,"type":"if","locations":[{"start":{"line":144,"column":8},"end":{"line":144,"column":8}},{"start":{"line":144,"column":8},"end":{"line":144,"column":8}}]},"20":{"line":148,"type":"if","locations":[{"start":{"line":148,"column":8},"end":{"line":148,"column":8}},{"start":{"line":148,"column":8},"end":{"line":148,"column":8}}]},"21":{"line":155,"type":"if","locations":[{"start":{"line":155,"column":8},"end":{"line":155,"column":8}},{"start":{"line":155,"column":8},"end":{"line":155,"column":8}}]},"22":{"line":165,"type":"if","locations":[{"start":{"line":165,"column":8},"end":{"line":165,"column":8}},{"start":{"line":165,"column":8},"end":{"line":165,"column":8}}]},"23":{"line":171,"type":"if","locations":[{"start":{"line":171,"column":8},"end":{"line":171,"column":8}},{"start":{"line":171,"column":8},"end":{"line":171,"column":8}}]},"24":{"line":177,"type":"if","locations":[{"start":{"line":177,"column":8},"end":{"line":177,"column":8}},{"start":{"line":177,"column":8},"end":{"line":177,"column":8}}]},"25":{"line":186,"type":"if","locations":[{"start":{"line":186,"column":8},"end":{"line":186,"column":8}},{"start":{"line":186,"column":8},"end":{"line":186,"column":8}}]},"26":{"line":187,"type":"if","locations":[{"start":{"line":187,"column":8},"end":{"line":187,"column":8}},{"start":{"line":187,"column":8},"end":{"line":187,"column":8}}]},"27":{"line":194,"type":"if","locations":[{"start":{"line":194,"column":8},"end":{"line":194,"column":8}},{"start":{"line":194,"column":8},"end":{"line":194,"column":8}}]},"28":{"line":203,"type":"if","locations":[{"start":{"line":203,"column":8},"end":{"line":203,"column":8}},{"start":{"line":203,"column":8},"end":{"line":203,"column":8}}]},"29":{"line":204,"type":"if","locations":[{"start":{"line":204,"column":8},"end":{"line":204,"column":8}},{"start":{"line":204,"column":8},"end":{"line":204,"column":8}}]}}}}