TN:
SF:/home/nimrod/SandBox/node/ethereum/projects/debtAuctionPackages/contracts/Package.sol
FN:41,
FN:79,fund
FN:123,auction
FN:143,cashOut
FN:164,retrieveDebt
FN:185,collectToken
FN:202,packagePrice
FN:216,contributions
FN:225,tokens
FNF:9
FNH:9
FNDA:3,
FNDA:12,fund
FNDA:1,auction
FNDA:1,cashOut
FNDA:2,retrieveDebt
FNDA:1,collectToken
FNDA:1,packagePrice
FNDA:1,contributions
FNDA:3,tokens
DA:51,3
DA:52,3
DA:53,3
DA:54,3
DA:55,3
DA:56,3
DA:57,3
DA:59,3
DA:60,3
DA:61,3
DA:62,3
DA:63,3
DA:64,3
DA:66,3
DA:67,3
DA:68,3
DA:80,12
DA:81,12
DA:83,12
DA:88,12
DA:90,12
DA:91,3
DA:92,1
DA:94,2
DA:97,1
DA:99,4
DA:101,4
DA:104,12
DA:105,12
DA:106,12
DA:108,12
DA:109,2
DA:110,2
DA:113,12
DA:115,12
DA:124,1
DA:126,1
DA:128,1
DA:130,1
DA:131,1
DA:133,1
DA:135,1
DA:144,1
DA:146,1
DA:148,1
DA:150,1
DA:151,1
DA:153,1
DA:155,1
DA:157,1
DA:165,2
DA:169,2
DA:171,2
DA:173,2
DA:174,2
DA:175,2
DA:177,2
DA:178,2
DA:186,1
DA:187,1
DA:189,1
DA:191,1
DA:192,1
DA:194,1
DA:195,1
DA:203,1
DA:204,1
DA:206,1
DA:207,1
DA:217,1
DA:226,3
LF:71
LH:71
BRDA:51,1,0,3
BRDA:51,1,1,0
BRDA:52,2,0,3
BRDA:52,2,1,0
BRDA:53,3,0,3
BRDA:53,3,1,0
BRDA:54,4,0,3
BRDA:54,4,1,0
BRDA:55,5,0,3
BRDA:55,5,1,0
BRDA:56,6,0,3
BRDA:56,6,1,0
BRDA:57,7,0,3
BRDA:57,7,1,0
BRDA:80,8,0,12
BRDA:80,8,1,0
BRDA:81,9,0,12
BRDA:81,9,1,0
BRDA:83,10,0,12
BRDA:83,10,1,0
BRDA:90,11,0,3
BRDA:90,11,1,9
BRDA:91,12,0,1
BRDA:91,12,1,2
BRDA:96,13,0,1
BRDA:96,13,1,8
BRDA:98,14,0,4
BRDA:98,14,1,4
BRDA:108,15,0,2
BRDA:108,15,1,10
BRDA:113,16,0,12
BRDA:113,16,1,0
BRDA:128,17,0,1
BRDA:128,17,1,0
BRDA:133,18,0,1
BRDA:133,18,1,0
BRDA:144,19,0,1
BRDA:144,19,1,0
BRDA:148,20,0,1
BRDA:148,20,1,0
BRDA:155,21,0,1
BRDA:155,21,1,0
BRDA:165,22,0,2
BRDA:165,22,1,0
BRDA:171,23,0,2
BRDA:171,23,1,0
BRDA:177,24,0,2
BRDA:177,24,1,0
BRDA:186,25,0,1
BRDA:186,25,1,0
BRDA:187,26,0,1
BRDA:187,26,1,0
BRDA:194,27,0,1
BRDA:194,27,1,0
BRDA:203,28,0,1
BRDA:203,28,1,0
BRDA:204,29,0,1
BRDA:204,29,1,0
BRF:58
BRH:34
end_of_record
